[debug] [2021-04-05T14:45:17.158Z] ----------------------------------------------------------------------
[debug] [2021-04-05T14:45:17.159Z] Command:       /usr/local/bin/node /usr/local/bin/firebase deploy
[debug] [2021-04-05T14:45:17.159Z] CLI Version:   9.8.0
[debug] [2021-04-05T14:45:17.159Z] Platform:      linux
[debug] [2021-04-05T14:45:17.159Z] Node Version:  v14.16.0
[debug] [2021-04-05T14:45:17.159Z] Time:          Mon Apr 05 2021 20:15:17 GMT+0530 (India Standard Time)
[debug] [2021-04-05T14:45:17.160Z] ----------------------------------------------------------------------
[debug] 
[debug] [2021-04-05T14:45:17.163Z] > command requires scopes: ["email","openid","https://www.googleapis.com/auth/cloudplatformprojects.readonly","https://www.googleapis.com/auth/firebase","https://www.googleapis.com/auth/cloud-platform"]
[debug] [2021-04-05T14:45:17.163Z] > authorizing via signed-in user
[debug] [2021-04-05T14:45:17.163Z] [iam] checking project flames-5e2bc for permissions ["firebase.projects.get","firebasehosting.sites.update"]
[debug] [2021-04-05T14:45:17.165Z] >>> HTTP REQUEST POST https://cloudresourcemanager.googleapis.com/v1/projects/flames-5e2bc:testIamPermissions  
 {"permissions":["firebase.projects.get","firebasehosting.sites.update"]}
[debug] [2021-04-05T14:45:17.748Z] <<< HTTP RESPONSE 200 {"content-type":"application/json; charset=UTF-8","vary":"X-Origin, Referer, Origin,Accept-Encoding","date":"Mon, 05 Apr 2021 14:45:17 GMT","server":"ESF","cache-control":"private","x-xss-protection":"0","x-frame-options":"SAMEORIGIN","x-content-type-options":"nosniff","server-timing":"gfet4t7; dur=231","alt-svc":"h3-29=\":443\"; ma=2592000,h3-T051=\":443\"; ma=2592000,h3-Q050=\":443\"; ma=2592000,h3-Q046=\":443\"; ma=2592000,h3-Q043=\":443\"; ma=2592000,quic=\":443\"; ma=2592000; v=\"46,43\"","accept-ranges":"none","transfer-encoding":"chunked"}
[debug] [2021-04-05T14:45:17.749Z] > refreshing access token with scopes: []
[debug] [2021-04-05T14:45:17.750Z] >>> HTTP REQUEST POST https://www.googleapis.com/oauth2/v3/token  
 <request body omitted>
[debug] [2021-04-05T14:45:17.910Z] <<< HTTP RESPONSE 200 {"date":"Mon, 05 Apr 2021 14:45:17 GMT","expires":"Mon, 01 Jan 1990 00:00:00 GMT","cache-control":"no-cache, no-store, max-age=0, must-revalidate","pragma":"no-cache","content-type":"application/json; charset=utf-8","vary":"X-Origin, Referer, Origin,Accept-Encoding","server":"scaffolding on HTTPServer2","x-xss-protection":"0","x-frame-options":"SAMEORIGIN","x-content-type-options":"nosniff","alt-svc":"h3-29=\":443\"; ma=2592000,h3-T051=\":443\"; ma=2592000,h3-Q050=\":443\"; ma=2592000,h3-Q046=\":443\"; ma=2592000,h3-Q043=\":443\"; ma=2592000,quic=\":443\"; ma=2592000; v=\"46,43\"","accept-ranges":"none","transfer-encoding":"chunked"}
[debug] [2021-04-05T14:45:17.920Z] >>> [apiv2][query] GET https://firebase.googleapis.com/v1beta1/projects/flames-5e2bc [none]
[debug] [2021-04-05T14:45:18.470Z] <<< [apiv2][status] GET https://firebase.googleapis.com/v1beta1/projects/flames-5e2bc 200
[debug] [2021-04-05T14:45:18.471Z] <<< [apiv2][body] GET https://firebase.googleapis.com/v1beta1/projects/flames-5e2bc {"projectId":"flames-5e2bc","projectNumber":"1014306126518","displayName":"flames","name":"projects/flames-5e2bc","resources":{"hostingSite":"flames-5e2bc","realtimeDatabaseInstance":"flames-5e2bc-default-rtdb","storageBucket":"flames-5e2bc.appspot.com","locationId":"us-central"},"state":"ACTIVE"}
[info] 
[info] === Deploying to 'flames-5e2bc'...
[info] 
[info] i  deploying hosting 
[debug] [2021-04-05T14:45:18.476Z] > refreshing access token with scopes: ["email","https://www.googleapis.com/auth/cloud-platform","https://www.googleapis.com/auth/cloudplatformprojects.readonly","https://www.googleapis.com/auth/firebase","openid"]
[debug] [2021-04-05T14:45:18.477Z] >>> HTTP REQUEST POST https://www.googleapis.com/oauth2/v3/token  
 <request body omitted>
[debug] [2021-04-05T14:45:18.627Z] <<< HTTP RESPONSE 200 {"cache-control":"no-cache, no-store, max-age=0, must-revalidate","expires":"Mon, 01 Jan 1990 00:00:00 GMT","pragma":"no-cache","date":"Mon, 05 Apr 2021 14:45:18 GMT","content-type":"application/json; charset=utf-8","vary":"X-Origin, Referer, Origin,Accept-Encoding","server":"scaffolding on HTTPServer2","x-xss-protection":"0","x-frame-options":"SAMEORIGIN","x-content-type-options":"nosniff","alt-svc":"h3-29=\":443\"; ma=2592000,h3-T051=\":443\"; ma=2592000,h3-Q050=\":443\"; ma=2592000,h3-Q046=\":443\"; ma=2592000,h3-Q043=\":443\"; ma=2592000,quic=\":443\"; ma=2592000; v=\"46,43\"","accept-ranges":"none","transfer-encoding":"chunked"}
[debug] [2021-04-05T14:45:18.631Z] >>> HTTP REQUEST POST https://firebasehosting.googleapis.com/v1beta1/sites/flames-5e2bc/versions  
 {"config":{"rewrites":[{"glob":"**","path":"/index.html"}]},"labels":{"deployment-tool":"cli-firebase"}}
[debug] [2021-04-05T14:45:20.509Z] <<< HTTP RESPONSE 200 {"content-type":"application/json; charset=UTF-8","vary":"X-Origin, Referer, Origin,Accept-Encoding","date":"Mon, 05 Apr 2021 14:45:20 GMT","server":"ESF","cache-control":"private","x-xss-protection":"0","x-frame-options":"SAMEORIGIN","x-content-type-options":"nosniff","alt-svc":"h3-29=\":443\"; ma=2592000,h3-T051=\":443\"; ma=2592000,h3-Q050=\":443\"; ma=2592000,h3-Q046=\":443\"; ma=2592000,h3-Q043=\":443\"; ma=2592000,quic=\":443\"; ma=2592000; v=\"46,43\"","accept-ranges":"none","transfer-encoding":"chunked"}
[info] i  hosting[flames-5e2bc]: beginning deploy... 
[info] i  hosting[flames-5e2bc]: found 18 files in build 
[debug] [2021-04-05T14:45:21.008Z] > refreshing access token with scopes: []
[debug] [2021-04-05T14:45:21.008Z] >>> HTTP REQUEST POST https://www.googleapis.com/oauth2/v3/token  
 <request body omitted>
[debug] [2021-04-05T14:45:21.009Z] [hosting] hash cache [YnVpbGQ] stored for 18 files
[debug] [2021-04-05T14:45:21.009Z] [hosting][hash queue][FINAL] {"max":486,"min":6,"avg":35.94444444444444,"active":0,"complete":18,"success":18,"errored":0,"retried":0,"total":18,"elapsed":490}
[debug] [2021-04-05T14:45:21.398Z] <<< HTTP RESPONSE 200 {"expires":"Mon, 01 Jan 1990 00:00:00 GMT","pragma":"no-cache","cache-control":"no-cache, no-store, max-age=0, must-revalidate","date":"Mon, 05 Apr 2021 14:45:21 GMT","content-type":"application/json; charset=utf-8","vary":"X-Origin, Referer, Origin,Accept-Encoding","server":"scaffolding on HTTPServer2","x-xss-protection":"0","x-frame-options":"SAMEORIGIN","x-content-type-options":"nosniff","alt-svc":"h3-29=\":443\"; ma=2592000,h3-T051=\":443\"; ma=2592000,h3-Q050=\":443\"; ma=2592000,h3-Q046=\":443\"; ma=2592000,h3-Q043=\":443\"; ma=2592000,quic=\":443\"; ma=2592000; v=\"46,43\"","accept-ranges":"none","transfer-encoding":"chunked"}
[debug] [2021-04-05T14:45:21.401Z] >>> [apiv2][query] POST https://firebasehosting.googleapis.com/v1beta1/sites/flames-5e2bc/versions/6ce84ffc01cb18b5:populateFiles [none]
[debug] [2021-04-05T14:45:21.401Z] >>> [apiv2][body] POST https://firebasehosting.googleapis.com/v1beta1/sites/flames-5e2bc/versions/6ce84ffc01cb18b5:populateFiles {"files":{"/asset-manifest.json":"f3f918f66bdbf19159a795c0090af032c07db1f72ad5438fa00fa4dfbccdc965","/favicon.ico":"12c77055696278694a8feb77a9421dd85f8af25a81d812822be112e4be628fcf","/index.html":"e82e1c0e0342557ce3226c2274333a4d6dab6d0844d75cef53947fcf0b9a52a1","/manifest.json":"0958a5e0c831126100c8c2d06a6bbaa665a3900f21aaff4130238a6f5a113aa1","/logo192.png":"76c449ccb9cd117c2f2338f091b18f7050f3210e249b2228f5c81b23f34377cd","/precache-manifest.edf1dd905f6a42aff1e5ce602d95c104.js":"f87551a3187e1c6fd7a3f059a0cdec1f6dddc892e7e4c6daeb76a2d37c24f236","/logo512.png":"7779210d56c1f3741e2e487799fe3092def4fa6ac450a60532b807c3a8971205","/robots.txt":"2544ca049f223a42bff01f72ad930a5edba75bbb7199d0f8430a02ff5aca16ec","/service-worker.js":"b5e8a854c88bd023e1a967da910efceb65c9b5b62dc4bd39a68059bf52b51d78","/static/css/main.c590288a.chunk.css":"0097ae2dc0bbdbe611d7153c334e4eccc8b1a6c82bad1a44d676ca20b4b500be","/static/css/main.c590288a.chunk.css.map":"9122b3aebb191b5b635a8701008064fdf8f7ae372f18d8020babcf18d512c3d6","/static/js/2.188f8e90.chunk.js.LICENSE.txt":"d30f4bbb80939bf82c56458965d31e778ba535c01bfdd8d8f98b48e7a508f78a","/static/js/main.73a43c30.chunk.js":"9de6d5f116a6f424179a5b91c7e2ce6a352696f101162ed64cfbf934159f263b","/static/js/runtime-main.7f27b8af.js":"4bc96611698eb44a18bd087f7918d0b7272af56fa2836ccaead53122ac28e4ad","/static/js/main.73a43c30.chunk.js.map":"eb8f525934226bc26fa59642ac1b18ee761e70ddf0f92671fb9008536b1a5f85","/static/js/runtime-main.7f27b8af.js.map":"0ef08177f09e36d8190eb4bde7d47cbd4bcac4d6fed6ccf78162898bf37f9a37","/static/js/2.188f8e90.chunk.js":"9e5c6c2ab9e92191a9eff0f115ffa58bfbf2997552290d0feaae9369bcab533f","/static/js/2.188f8e90.chunk.js.map":"1f4045aea03dd3decb1891abdb27cf2d0a1ff45c1584283ca22e06084d357f7a"}}
